<?xml version="1.0" encoding="UTF-8"?>
<!-- Generated by org.testng.reporters.JUnitReportReporter -->
<testsuite hostname="LAPTOP-28U4DJ1V" failures="0" tests="2" name="test.ProductListPageTest" time="12.328" errors="0" timestamp="2021-10-09T18:32:09 CEST" skipped="0">
  <testcase classname="test.ProductListPageTest" name="verifyProductNumber" time="5.659"/>
  <system-out/>
  <testcase classname="test.ProductListPageTest" name="verifySortProducts" time="6.669"/>
  <system-out/>
</testsuite> <!-- test.ProductListPageTest -->
