<?xml version="1.0" encoding="UTF-8"?>
<!-- Generated by org.testng.reporters.JUnitReportReporter -->
<testsuite hostname="LAPTOP-28U4DJ1V" failures="0" tests="1" name="test.LoginPageTest" time="7.727" errors="0" timestamp="2021-10-09T18:32:09 CEST" skipped="0">
  <testcase classname="test.LoginPageTest" name="verifyPageTitle" time="7.727"/>
  <system-out/>
</testsuite> <!-- test.LoginPageTest -->
