<?xml version="1.0" encoding="UTF-8"?>
<!-- Generated by org.testng.reporters.JUnitReportReporter -->
<testsuite hostname="LAPTOP-28U4DJ1V" failures="0" tests="1" name="test.AccountPageTest" time="6.199" errors="0" timestamp="2021-10-09T18:32:09 CEST" skipped="0">
  <testcase classname="test.AccountPageTest" name="verifyNameAccountAfterLogin" time="6.199"/>
  <system-out/>
</testsuite> <!-- test.AccountPageTest -->
